<?xml version="1.0" encoding="UTF-8"?>
<!-- Generated by org.testng.reporters.JUnitReportReporter -->
<testsuite hostname="Escha" failures="0" tests="3" name="runners.TestRunnersTesNG" time="47.134" errors="0" timestamp="2025-03-20T21:21:51 ICT" skipped="0">
  <testcase classname="runners.TestRunnersTesNG" name="runScenario" time="16.625"/>
  <testcase classname="runners.TestRunnersTesNG" name="runScenario" time="15.998"/>
  <testcase classname="runners.TestRunnersTesNG" name="runScenario" time="14.511"/>
</testsuite> <!-- runners.TestRunnersTesNG -->
