<?xml version="1.0" encoding="UTF-8"?>
<!-- Generated by org.testng.reporters.JUnitReportReporter -->
<testsuite hostname="Escha" failures="0" tests="1" name="automation.StandAloneTestNGImplTest" time="15.231" errors="0" timestamp="2025-03-15T10:54:54 ICT" skipped="0">
  <testcase classname="automation.StandAloneTestNGImplTest" name="createOrder" time="15.231"/>
</testsuite> <!-- automation.StandAloneTestNGImplTest -->
